2020-04-18 05:00:46.971  INFO 24 --- [main] lavalink.server.Launcher                 : 

[32m       .  [31m _                  _ _       _    [32m__ _ _
[32m      /\\ [31m| | __ ___   ____ _| (_)_ __ | | __[32m\ \ \ \
[32m     ( ( )[31m| |/ _` \ \ / / _` | | | '_ \| |/ /[32m \ \ \ \
[32m      \\/ [31m| | (_| |\ V / (_| | | | | | |   < [32m  ) ) ) )
[32m       '  [31m|_|\__,_| \_/ \__,_|_|_|_| |_|_|\_\[32m / / / /
[0m    =========================================[32m/_/_/_/[0m

	Version:        486459c216e0921f45444d77e4920641c87c77ec-SNAPSHOT
	Build:          966
	Build time:     04.01.2020 19:39:51 UTC
	Branch          HEAD
	Commit:         486459c
	Commit time:    04.01.2020 19:22:33 UTC
	JVM:            1.8.0_212
	Lavaplayer      1.3.32

2020-04-18 05:00:47.101  INFO 24 --- [main] o.s.boot.SpringApplication               : 
  .   ____          _            __ _ _
 /\\ / ___'_ __ _ _(_)_ __  __ _ \ \ \ \
( ( )\___ | '_ | '_| | '_ \/ _` | \ \ \ \
 \\/  ___)| |_)| | | | | || (_| |  ) ) ) )
  '  |____| .__|_| |_|_| |_\__, | / / / /
 =========|_|==============|___/=/_/_/_/
[32m :: Spring Boot :: [39m      [2m (v2.1.8.RELEASE)[0;39m


2020-04-18 05:00:47.320  INFO 24 --- [main] lavalink.server.Launcher                 : Starting Launcher on 88efd720-536d-448e-b327-d70e58f93478 with PID 24 (/home/container/Lavalink.jar started by ? in /home/container)
2020-04-18 05:00:47.321  INFO 24 --- [main] lavalink.server.Launcher                 : No active profile set, falling back to default profiles: default
2020-04-18 05:00:47.551  WARN 24 --- [background-preinit] o.s.h.c.j.Jackson2ObjectMapperBuilder    : For Jackson Kotlin classes support please add "com.fasterxml.jackson.module:jackson-module-kotlin" to the classpath
2020-04-18 05:00:49.466  WARN 24 --- [main] io.undertow.websockets.jsr               : UT026010: Buffer pool was not set on WebSocketDeploymentInfo, the default pool will be used
2020-04-18 05:00:49.514  INFO 24 --- [main] io.undertow.servlet                      : Initializing Spring embedded WebApplicationContext
2020-04-18 05:00:49.515  INFO 24 --- [main] o.s.web.context.ContextLoader            : Root WebApplicationContext: initialization completed in 2104 ms
2020-04-18 05:00:50.238  WARN 24 --- [main] l.server.config.SentryConfiguration      : Turning off sentry
2020-04-18 05:00:50.251  INFO 24 --- [main] l.s.c.AudioSendFactoryConfiguration      : OS: Linux, Arch: amd64
2020-04-18 05:00:50.252  INFO 24 --- [main] l.s.c.AudioSendFactoryConfiguration      : JDA-NAS supported system detected. Enabled native audio sending.
2020-04-18 05:00:50.253  INFO 24 --- [main] l.s.c.AudioSendFactoryConfiguration      : Setting buffer to 400ms
2020-04-18 05:00:50.253  INFO 24 --- [main] l.s.c.AudioSendFactoryConfiguration      : Setting playlist load limit to 5
2020-04-18 05:00:50.878  INFO 24 --- [main] c.s.d.l.tools.GarbageCollectionMonitor   : GC monitoring enabled, reporting results every 2 minutes.
2020-04-18 05:00:51.579  INFO 24 --- [main] o.s.s.concurrent.ThreadPoolTaskExecutor  : Initializing ExecutorService 'applicationTaskExecutor'
2020-04-18 05:00:52.167  INFO 24 --- [main] org.xnio                                 : XNIO version 3.3.8.Final
2020-04-18 05:00:52.188  INFO 24 --- [main] org.xnio.nio                             : XNIO NIO Implementation Version 3.3.8.Final
2020-04-18 05:00:52.412  INFO 24 --- [main] o.s.b.w.e.u.UndertowServletWebServer     : Undertow started on port(s) 25562 (http) with context path ''
2020-04-18 05:00:52.423  INFO 24 --- [main] lavalink.server.Launcher                 : Started Launcher in 6.717 seconds (JVM running for 7.959)
2020-04-18 05:01:02.736  INFO 24 --- [XNIO-1 task-1] io.undertow.servlet                      : Initializing Spring DispatcherServlet 'dispatcherServlet'
2020-04-18 05:01:02.748  INFO 24 --- [XNIO-1 task-1] o.s.web.servlet.DispatcherServlet        : Initializing Servlet 'dispatcherServlet'
2020-04-18 05:01:02.842  INFO 24 --- [XNIO-1 task-1] o.s.web.servlet.DispatcherServlet        : Completed initialization in 93 ms
2020-04-18 05:01:02.899  INFO 24 --- [XNIO-1 task-1] l.server.io.HandshakeInterceptorImpl     : Incoming connection from /172.18.0.1:52068
2020-04-18 05:01:03.124  INFO 24 --- [XNIO-1 task-1] c.s.d.l.tools.GarbageCollectionMonitor   : GC monitoring enabled, reporting results every 2 minutes.
2020-04-18 05:01:03.591  INFO 24 --- [XNIO-1 task-1] lavalink.server.io.SocketServer          : Connection successfully established from /172.18.0.1:52068
2020-04-18 06:12:31.779  INFO 24 --- [XNIO-1 I/O-2] lavalink.server.io.SocketServer          : Connection closed from /172.18.0.1:52068 -- CloseStatus[code=1006, reason=]
2020-04-18 06:12:31.789  INFO 24 --- [XNIO-1 I/O-2] lavalink.server.io.SocketContext         : Shutting down 0 playing players.
2020-04-18 06:12:31.794  INFO 24 --- [XNIO-1 I/O-2] c.s.d.l.tools.GarbageCollectionMonitor   : GC monitoring disabled.
2020-04-18 06:12:35.794  INFO 24 --- [XNIO-1 task-2] l.server.io.HandshakeInterceptorImpl     : Incoming connection from /172.18.0.1:42002
2020-04-18 06:12:35.815  INFO 24 --- [XNIO-1 task-2] c.s.d.l.tools.GarbageCollectionMonitor   : GC monitoring enabled, reporting results every 2 minutes.
2020-04-18 06:12:35.831  INFO 24 --- [XNIO-1 task-2] lavalink.server.io.SocketServer          : Connection successfully established from /172.18.0.1:42002
2020-04-18 08:09:05.584  INFO 24 --- [XNIO-1 I/O-4] lavalink.server.io.SocketServer          : Connection closed from /172.18.0.1:42002 -- CloseStatus[code=1006, reason=]
2020-04-18 08:09:05.599  INFO 24 --- [XNIO-1 I/O-4] lavalink.server.io.SocketContext         : Shutting down 0 playing players.
2020-04-18 08:09:05.612  INFO 24 --- [XNIO-1 I/O-4] c.s.d.l.tools.GarbageCollectionMonitor   : GC monitoring disabled.
2020-04-18 08:09:10.541  INFO 24 --- [XNIO-1 task-3] l.server.io.HandshakeInterceptorImpl     : Incoming connection from /172.18.0.1:58368
2020-04-18 08:09:10.590  INFO 24 --- [XNIO-1 task-3] c.s.d.l.tools.GarbageCollectionMonitor   : GC monitoring enabled, reporting results every 2 minutes.
2020-04-18 08:09:10.619  INFO 24 --- [XNIO-1 task-3] lavalink.server.io.SocketServer          : Connection successfully established from /172.18.0.1:58368
2020-04-18 09:31:39.898  INFO 24 --- [XNIO-1 I/O-2] lavalink.server.io.SocketServer          : Connection closed from /172.18.0.1:58368 -- CloseStatus[code=1006, reason=]
2020-04-18 09:31:39.907  INFO 24 --- [XNIO-1 I/O-2] lavalink.server.io.SocketContext         : Shutting down 0 playing players.
2020-04-18 09:31:39.911  INFO 24 --- [XNIO-1 I/O-2] c.s.d.l.tools.GarbageCollectionMonitor   : GC monitoring disabled.
2020-04-18 09:31:44.503  INFO 24 --- [XNIO-1 task-4] l.server.io.HandshakeInterceptorImpl     : Incoming connection from /172.18.0.1:39480
2020-04-18 09:31:44.542  INFO 24 --- [XNIO-1 task-4] c.s.d.l.tools.GarbageCollectionMonitor   : GC monitoring enabled, reporting results every 2 minutes.
2020-04-18 09:31:44.569  INFO 24 --- [XNIO-1 task-4] lavalink.server.io.SocketServer          : Connection successfully established from /172.18.0.1:39480
